Reading model.
Done reading result was non-null
#
# Model Dumper
#
model "airplane" {
    origin =  0.000,  0.000,  0.000 ;
    color  = 255, 255, 0, 255 ;
    V0 =  0.000  0.000  0.000 ;
    V1 =  0.000  0.000  8.250 ;
    V10 = -2.625  0.375  0.000 ;
    V11 = -0.188  0.750  0.000 ;
    V12 = -0.188  0.750  3.375 ;
    V2 =  0.188  0.750  6.563 ;
    V3 =  2.625  0.375  0.750 ;
    V4 =  2.625  0.375  0.000 ;
    V5 =  0.188  0.750  0.000 ;
    V6 =  0.188  0.750  3.375 ;
    V7 =  0.000  0.000  3.750 ;
    V8 = -0.188  0.750  6.563 ;
    V9 = -2.625  0.375  0.750 ;
    Vline0 =  0.000  0.000 -4.500 ;
    Vline1 =  0.000  0.000  4.500 ;
    Vline2 =  0.375  0.000  3.750 ;
    Vline3 = -0.375  0.000  3.750 ;
    Vline4 =  4.500  0.000 -4.500 ;
    Vline5 =  3.750 -0.375 -4.500 ;
    Vline6 =  3.750  0.375 -4.500 ;
    Vline7 =  0.000  4.500 -4.500 ;
    Vline8 = -0.375  3.750 -4.500 ;
    Vline9 =  0.375  3.750 -4.500 ;
    Fft1 = ( 0, 235, 0, 255 )
         V1 [ -0.970,  0.243,  0.000 ] ,
          V7 [ -0.970,  0.243,  0.000 ] ,
          V6 [ -0.970,  0.243,  0.000 ] ,
          V2 [ -0.970,  0.243,  0.000 ]  ;
    Fft2 = ( 0, 235, 0, 255 )
         V1 [  0.970,  0.243,  0.000 ] ,
          V8 [  0.970,  0.243,  0.000 ] ,
          V12 [  0.970,  0.243,  0.000 ] ,
          V7 [  0.970,  0.243,  0.000 ]  ;
    Fft3 = ( 235, 235, 0, 255 )
         V7 [ -0.970,  0.243,  0.000 ] ,
          V0 [ -0.970,  0.243,  0.000 ] ,
          V5 [ -0.970,  0.243,  0.000 ] ,
          V6 [ -0.970,  0.243,  0.000 ]  ;
    Fft4 = ( 235, 235, 0, 255 )
         V7 [  0.970,  0.243,  0.000 ] ,
          V12 [  0.970,  0.243,  0.000 ] ,
          V11 [  0.970,  0.243,  0.000 ] ,
          V0 [  0.970,  0.243,  0.000 ]  ;
    Ffb1 = ( 100, 100, 235, 255 )
         V1 [ -0.970, -0.243,  0.000 ] ,
          V0 [ -0.970, -0.243,  0.000 ] ,
          V11 [ -0.970, -0.243,  0.000 ] ,
          V8 [ -0.970, -0.243,  0.000 ]  ;
    Ffb2 = ( 100, 100, 235, 255 )
         V1 [  0.970, -0.243,  0.000 ] ,
          V2 [  0.970, -0.243,  0.000 ] ,
          V5 [  0.970, -0.243,  0.000 ] ,
          V0 [  0.970, -0.243,  0.000 ]  ;
    Frwt1 = ( 0, 235, 0, 255 )
         V2 [  0.152,  0.988,  0.000 ] ,
          V6 [  0.152,  0.988,  0.000 ] ,
          V3 [  0.152,  0.988,  0.000 ]  ;
    Frwt2 = ( 235, 235, 0, 255 )
         V6 [  0.152,  0.988,  0.000 ] ,
          V5 [  0.152,  0.988,  0.000 ] ,
          V4 [  0.152,  0.988,  0.000 ] ,
          V3 [  0.152,  0.988,  0.000 ]  ;
    Frwb = ( 0, 0, 200, 255 )
         V2 [ -0.152, -0.988,  0.000 ] ,
          V3 [ -0.152, -0.988,  0.000 ] ,
          V4 [ -0.152, -0.988,  0.000 ] ,
          V5 [ -0.152, -0.988,  0.000 ]  ;
    Flwt1 = ( 0, 235, 0, 255 )
         V8 [ -0.152,  0.988,  0.000 ] ,
          V9 [ -0.152,  0.988,  0.000 ] ,
          V12 [ -0.152,  0.988,  0.000 ]  ;
    Flwt2 = ( 235, 235, 0, 255 )
         V12 [ -0.152,  0.988,  0.000 ] ,
          V9 [ -0.152,  0.988,  0.000 ] ,
          V10 [ -0.152,  0.988,  0.000 ] ,
          V11 [ -0.152,  0.988,  0.000 ]  ;
    Flwb = ( 0, 0, 200, 255 )
         V8 [  0.152, -0.988,  0.000 ] ,
          V11 [  0.152, -0.988,  0.000 ] ,
          V10 [  0.152, -0.988,  0.000 ] ,
          V9 [  0.152, -0.988,  0.000 ]  ;
    L1 = ( 0, 0, 235 ) Vline0, Vline1 ;
    L2 = ( 0, 0, 235 ) Vline2, Vline1 ;
    L3 = ( 0, 0, 235 ) Vline3, Vline1 ;
    L4 = ( 0, 235, 0 ) Vline0, Vline4 ;
    L5 = ( 0, 235, 0 ) Vline4, Vline5 ;
    L6 = ( 0, 235, 0 ) Vline4, Vline6 ;
    L7 = ( 235, 0, 0 ) Vline0, Vline7 ;
    L8 = ( 235, 0, 0 ) Vline7, Vline8 ;
    L9 = ( 235, 0, 0 ) Vline7, Vline9 ;
}
